  config_manager.cpp
  dllmain.cpp
  engine_allocator.cpp
  engine_init.cpp
  engine_shutdown.cpp
  experience_load_complete.cpp
  save_loaded.cpp
  world_begin_play.cpp
C:\Users\markp\Documents\GitHub\StarRupture-ModLoader\StarRupture SDK\Client\UnrealContainers.hpp(188,4): warning C4201: nonstandard extension used: nameless struct/union
  (compiling source file 'game/world_begin_play/world_begin_play.cpp')
      C:\Users\markp\Documents\GitHub\StarRupture-ModLoader\StarRupture SDK\Client\UnrealContainers.hpp(188,4):
      the template instantiation context (the oldest one first) is
          C:\Users\markp\Documents\GitHub\StarRupture-ModLoader\StarRupture SDK\Client\UnrealContainers.hpp(183,9):
          while compiling class template 'UC::ContainerImpl::TSparseArrayElementOrFreeListLink'
  
C:\Users\markp\Documents\GitHub\StarRupture-ModLoader\StarRupture SDK\Client\UnrealContainers.hpp(844,25): warning C4245: '=': conversion from 'int' to 'UC::uint32', signed/unsigned mismatch
  (compiling source file 'game/world_begin_play/world_begin_play.cpp')
  
C:\Users\markp\Documents\GitHub\StarRupture-ModLoader\StarRupture SDK\Client\SDK\Basic.hpp(844,2): warning C4369: 'SDK::EObjectFlags':  enumerator value '2147483648' cannot be represented as 'int', value is '2147483648'
  (compiling source file 'game/world_begin_play/world_begin_play.cpp')
  
C:\Users\markp\Documents\GitHub\StarRupture-ModLoader\StarRupture SDK\Client\SDK\CoreUObject_structs.hpp(606,2): warning C4309: 'initializing': truncation of constant value
  (compiling source file 'game/world_begin_play/world_begin_play.cpp')
  
C:\Users\markp\Documents\GitHub\StarRupture-ModLoader\StarRupture SDK\Client\SDK\CoreUObject_structs.hpp(606,2): warning C4369: 'SDK::EInputDeviceMappingPolicy':  enumerator value '-1' cannot be represented as 'unsigned int', value is '-1'
  (compiling source file 'game/world_begin_play/world_begin_play.cpp')
  
C:\Users\markp\Documents\GitHub\StarRupture-ModLoader\StarRupture SDK\Client\SDK\Engine_structs.hpp(2377,2): warning C4309: 'initializing': truncation of constant value
  (compiling source file 'game/world_begin_play/world_begin_play.cpp')
  
C:\Users\markp\Documents\GitHub\StarRupture-ModLoader\StarRupture SDK\Client\SDK\Engine_structs.hpp(2377,2): warning C4369: 'SDK::EMaterialParameterType':  enumerator value '256' cannot be represented as 'unsigned char', value is '256'
  (compiling source file 'game/world_begin_play/world_begin_play.cpp')
  
C:\Users\markp\Documents\GitHub\StarRupture-ModLoader\StarRupture SDK\Client\SDK\Engine_structs.hpp(3451,2): warning C4309: 'initializing': truncation of constant value
  (compiling source file 'game/world_begin_play/world_begin_play.cpp')
  
C:\Users\markp\Documents\GitHub\StarRupture-ModLoader\StarRupture SDK\Client\SDK\Engine_structs.hpp(3451,2): warning C4369: 'SDK::ESoundWaveLoadingBehavior':  enumerator value '256' cannot be represented as 'unsigned char', value is '256'
  (compiling source file 'game/world_begin_play/world_begin_play.cpp')
  
C:\Users\markp\Documents\GitHub\StarRupture-ModLoader\StarRupture SDK\Client\SDK\Engine_structs.hpp(6611,2): warning C4309: 'initializing': truncation of constant value
  (compiling source file 'game/world_begin_play/world_begin_play.cpp')
  
C:\Users\markp\Documents\GitHub\StarRupture-ModLoader\StarRupture SDK\Client\SDK\Engine_structs.hpp(6611,2): warning C4369: 'SDK::ESkinCacheUsage':  enumerator value '256' cannot be represented as 'unsigned char', value is '256'
  (compiling source file 'game/world_begin_play/world_begin_play.cpp')
  
C:\Users\markp\Documents\GitHub\StarRupture-ModLoader\StarRupture SDK\Client\SDK\Engine_structs.hpp(6858,2): warning C4309: 'initializing': truncation of constant value
  (compiling source file 'game/world_begin_play/world_begin_play.cpp')
  
C:\Users\markp\Documents\GitHub\StarRupture-ModLoader\StarRupture SDK\Client\SDK\Engine_structs.hpp(6858,2): warning C4369: 'SDK::ETextureEncodeSpeedOverride':  enumerator value '256' cannot be represented as 'unsigned char', value is '256'
  (compiling source file 'game/world_begin_play/world_begin_play.cpp')
  
C:\Users\markp\Documents\GitHub\StarRupture-ModLoader\StarRupture SDK\Client\SDK\Engine_structs.hpp(7105,2): warning C4309: 'initializing': truncation of constant value
  (compiling source file 'game/world_begin_play/world_begin_play.cpp')
  
C:\Users\markp\Documents\GitHub\StarRupture-ModLoader\StarRupture SDK\Client\SDK\Engine_structs.hpp(7105,2): warning C4369: 'SDK::EStreamingSourcePriority':  enumerator value '256' cannot be represented as 'unsigned char', value is '256'
  (compiling source file 'game/world_begin_play/world_begin_play.cpp')
  
C:\Users\markp\Documents\GitHub\StarRupture-ModLoader\StarRupture SDK\Client\SDK\Engine_structs.hpp(11358,1): warning C4324: 'SDK::FAnimInstanceProxy': structure was padded due to alignment specifier
  (compiling source file 'game/world_begin_play/world_begin_play.cpp')
  
C:\Users\markp\Documents\GitHub\StarRupture-ModLoader\StarRupture SDK\Client\SDK\AuNotification_structs.hpp(21,2): warning C4309: 'initializing': truncation of constant value
  (compiling source file 'game/world_begin_play/world_begin_play.cpp')
  
C:\Users\markp\Documents\GitHub\StarRupture-ModLoader\StarRupture SDK\Client\SDK\AuNotification_structs.hpp(21,2): warning C4369: 'SDK::EFAuNotificationType':  enumerator value '-1' cannot be represented as 'unsigned int', value is '-1'
  (compiling source file 'game/world_begin_play/world_begin_play.cpp')
  
C:\Users\markp\Documents\GitHub\StarRupture-ModLoader\StarRupture SDK\Client\SDK\Chimera_structs.hpp(525,2): warning C4309: 'initializing': truncation of constant value
  (compiling source file 'game/world_begin_play/world_begin_play.cpp')
  
C:\Users\markp\Documents\GitHub\StarRupture-ModLoader\StarRupture SDK\Client\SDK\Chimera_structs.hpp(525,2): warning C4369: 'SDK::ECrBuildingItemStorageType':  enumerator value '-1' cannot be represented as 'unsigned int', value is '-1'
  (compiling source file 'game/world_begin_play/world_begin_play.cpp')
  
C:\Users\markp\Documents\GitHub\StarRupture-ModLoader\StarRupture SDK\Client\SDK\Engine_classes.hpp(2446,1): warning C4324: 'SDK::UCameraShakeBase': structure was padded due to alignment specifier
  (compiling source file 'game/world_begin_play/world_begin_play.cpp')
  
C:\Users\markp\Documents\GitHub\StarRupture-ModLoader\StarRupture SDK\Client\SDK\Engine_classes.hpp(7126,1): warning C4324: 'SDK::UAnimInstance': structure was padded due to alignment specifier
  (compiling source file 'game/world_begin_play/world_begin_play.cpp')
  
C:\Users\markp\Documents\GitHub\StarRupture-ModLoader\StarRupture SDK\Client\SDK\Engine_classes.hpp(9979,1): warning C4324: 'SDK::UNetConnection': structure was padded due to alignment specifier
  (compiling source file 'game/world_begin_play/world_begin_play.cpp')
  
C:\Users\markp\Documents\GitHub\StarRupture-ModLoader\StarRupture SDK\Client\SDK\Engine_classes.hpp(33059,1): warning C4324: 'SDK::UProjectileMovementComponent': structure was padded due to alignment specifier
  (compiling source file 'game/world_begin_play/world_begin_play.cpp')
  
C:\Users\markp\Documents\GitHub\StarRupture-ModLoader\StarRupture SDK\Client\SDK\ZoneGraph_structs.hpp(57,2): warning C4309: 'initializing': truncation of constant value
  (compiling source file 'game/world_begin_play/world_begin_play.cpp')
  
C:\Users\markp\Documents\GitHub\StarRupture-ModLoader\StarRupture SDK\Client\SDK\ZoneGraph_structs.hpp(57,2): warning C4369: 'SDK::EZoneLaneLinkType':  enumerator value '256' cannot be represented as 'unsigned char', value is '256'
  (compiling source file 'game/world_begin_play/world_begin_play.cpp')
  
C:\Users\markp\Documents\GitHub\StarRupture-ModLoader\StarRupture SDK\Client\SDK\ZoneGraph_structs.hpp(71,2): warning C4309: 'initializing': truncation of constant value
  (compiling source file 'game/world_begin_play/world_begin_play.cpp')
  
C:\Users\markp\Documents\GitHub\StarRupture-ModLoader\StarRupture SDK\Client\SDK\ZoneGraph_structs.hpp(71,2): warning C4369: 'SDK::EZoneLaneLinkFlags':  enumerator value '256' cannot be represented as 'unsigned char', value is '256'
  (compiling source file 'game/world_begin_play/world_begin_play.cpp')
  
C:\Users\markp\Documents\GitHub\StarRupture-ModLoader\StarRupture SDK\Client\SDK\ReplicationGraph_classes.hpp(51,1): warning C4324: 'SDK::UReplicationGraph': structure was padded due to alignment specifier
  (compiling source file 'game/world_begin_play/world_begin_play.cpp')
  
C:\Users\markp\Documents\GitHub\StarRupture-ModLoader\StarRupture SDK\Client\SDK\PCG_structs.hpp(463,2): warning C4309: 'initializing': truncation of constant value
  (compiling source file 'game/world_begin_play/world_begin_play.cpp')
  
C:\Users\markp\Documents\GitHub\StarRupture-ModLoader\StarRupture SDK\Client\SDK\PCG_structs.hpp(463,2): warning C4369: 'SDK::EPCGKernelAttributeType':  enumerator value '256' cannot be represented as 'unsigned char', value is '256'
  (compiling source file 'game/world_begin_play/world_begin_play.cpp')
  
C:\Users\markp\Documents\GitHub\StarRupture-ModLoader\StarRupture SDK\Client\SDK\PCG_structs.hpp(591,2): warning C4309: 'initializing': truncation of constant value
  (compiling source file 'game/world_begin_play/world_begin_play.cpp')
  
C:\Users\markp\Documents\GitHub\StarRupture-ModLoader\StarRupture SDK\Client\SDK\PCG_structs.hpp(591,2): warning C4369: 'SDK::EPCGMetadataTypes':  enumerator value '256' cannot be represented as 'unsigned char', value is '256'
  (compiling source file 'game/world_begin_play/world_begin_play.cpp')
  
C:\Users\markp\Documents\GitHub\StarRupture-ModLoader\StarRupture SDK\Client\SDK\PCG_structs.hpp(626,2): warning C4309: 'initializing': truncation of constant value
  (compiling source file 'game/world_begin_play/world_begin_play.cpp')
  
C:\Users\markp\Documents\GitHub\StarRupture-ModLoader\StarRupture SDK\Client\SDK\PCG_structs.hpp(626,2): warning C4369: 'SDK::EPCGMetadataDomainFlag':  enumerator value '256' cannot be represented as 'unsigned char', value is '256'
  (compiling source file 'game/world_begin_play/world_begin_play.cpp')
  
C:\Users\markp\Documents\GitHub\StarRupture-ModLoader\StarRupture SDK\Client\SDK\PCG_structs.hpp(1824,2): warning C4309: 'initializing': truncation of constant value
  (compiling source file 'game/world_begin_play/world_begin_play.cpp')
  
C:\Users\markp\Documents\GitHub\StarRupture-ModLoader\StarRupture SDK\Client\SDK\PCG_structs.hpp(1824,2): warning C4369: 'SDK::EPCGPointProperties':  enumerator value '256' cannot be represented as 'unsigned char', value is '256'
  (compiling source file 'game/world_begin_play/world_begin_play.cpp')
  
C:\Users\markp\Documents\GitHub\StarRupture-ModLoader\StarRupture SDK\Client\SDK\ComputeFramework_structs.hpp(36,2): warning C4309: 'initializing': truncation of constant value
  (compiling source file 'game/world_begin_play/world_begin_play.cpp')
  
C:\Users\markp\Documents\GitHub\StarRupture-ModLoader\StarRupture SDK\Client\SDK\ComputeFramework_structs.hpp(36,2): warning C4369: 'SDK::EShaderFundamentalType':  enumerator value '256' cannot be represented as 'unsigned char', value is '256'
  (compiling source file 'game/world_begin_play/world_begin_play.cpp')
  
C:\Users\markp\Documents\GitHub\StarRupture-ModLoader\StarRupture SDK\Client\UnrealContainers.hpp(214,1): warning C4324: 'UC::TPair<KeyElementType,ValueElementType>': structure was padded due to alignment specifier
C:\Users\markp\Documents\GitHub\StarRupture-ModLoader\StarRupture SDK\Client\UnrealContainers.hpp(214,1): warning C4324:         with
C:\Users\markp\Documents\GitHub\StarRupture-ModLoader\StarRupture SDK\Client\UnrealContainers.hpp(214,1): warning C4324:         [
C:\Users\markp\Documents\GitHub\StarRupture-ModLoader\StarRupture SDK\Client\UnrealContainers.hpp(214,1): warning C4324:             KeyElementType=SDK::EProfessionType,
C:\Users\markp\Documents\GitHub\StarRupture-ModLoader\StarRupture SDK\Client\UnrealContainers.hpp(214,1): warning C4324:             ValueElementType=SDK::FColor
C:\Users\markp\Documents\GitHub\StarRupture-ModLoader\StarRupture SDK\Client\UnrealContainers.hpp(214,1): warning C4324:         ]
  (compiling source file 'game/world_begin_play/world_begin_play.cpp')
      C:\Users\markp\Documents\GitHub\StarRupture-ModLoader\StarRupture SDK\Client\UnrealContainers.hpp(214,1):
      the template instantiation context (the oldest one first) is
          C:\Users\markp\Documents\GitHub\StarRupture-ModLoader\StarRupture SDK\Client\SDK\Chimera_classes.hpp(28115,48):
          see reference to class template instantiation 'UC::TMap<SDK::EProfessionType,SDK::FColor>' being compiled
          C:\Users\markp\Documents\GitHub\StarRupture-ModLoader\StarRupture SDK\Client\UnrealContainers.hpp(726,21):
          see reference to class template instantiation 'UC::TSet<UC::TPair<KeyElementType,ValueElementType>>' being compiled
          with
          [
              KeyElementType=SDK::EProfessionType,
              ValueElementType=SDK::FColor
          ]
          C:\Users\markp\Documents\GitHub\StarRupture-ModLoader\StarRupture SDK\Client\UnrealContainers.hpp(666,49):
          see reference to class template instantiation 'UC::TPair<KeyElementType,ValueElementType>' being compiled
          with
          [
              KeyElementType=SDK::EProfessionType,
              ValueElementType=SDK::FColor
          ]
  
C:\Users\markp\Documents\GitHub\StarRupture-ModLoader\StarRupture SDK\Client\UnrealContainers.hpp(214,1): warning C4324: 'UC::TPair<KeyElementType,ValueElementType>': structure was padded due to alignment specifier
C:\Users\markp\Documents\GitHub\StarRupture-ModLoader\StarRupture SDK\Client\UnrealContainers.hpp(214,1): warning C4324:         with
C:\Users\markp\Documents\GitHub\StarRupture-ModLoader\StarRupture SDK\Client\UnrealContainers.hpp(214,1): warning C4324:         [
C:\Users\markp\Documents\GitHub\StarRupture-ModLoader\StarRupture SDK\Client\UnrealContainers.hpp(214,1): warning C4324:             KeyElementType=SDK::ECrUIInputActionType,
C:\Users\markp\Documents\GitHub\StarRupture-ModLoader\StarRupture SDK\Client\UnrealContainers.hpp(214,1): warning C4324:             ValueElementType=SDK::FUIActionBindingHandle
C:\Users\markp\Documents\GitHub\StarRupture-ModLoader\StarRupture SDK\Client\UnrealContainers.hpp(214,1): warning C4324:         ]
  (compiling source file 'game/world_begin_play/world_begin_play.cpp')
      C:\Users\markp\Documents\GitHub\StarRupture-ModLoader\StarRupture SDK\Client\UnrealContainers.hpp(214,1):
      the template instantiation context (the oldest one first) is
          C:\Users\markp\Documents\GitHub\StarRupture-ModLoader\StarRupture SDK\Client\SDK\ChimeraUI_classes.hpp(9626,60):
          see reference to class template instantiation 'UC::TMap<SDK::ECrUIInputActionType,SDK::FUIActionBindingHandle>' being compiled
          C:\Users\markp\Documents\GitHub\StarRupture-ModLoader\StarRupture SDK\Client\UnrealContainers.hpp(726,21):
          see reference to class template instantiation 'UC::TSet<UC::TPair<KeyElementType,ValueElementType>>' being compiled
          with
          [
              KeyElementType=SDK::ECrUIInputActionType,
              ValueElementType=SDK::FUIActionBindingHandle
          ]
          C:\Users\markp\Documents\GitHub\StarRupture-ModLoader\StarRupture SDK\Client\UnrealContainers.hpp(666,49):
          see reference to class template instantiation 'UC::TPair<KeyElementType,ValueElementType>' being compiled
          with
          [
              KeyElementType=SDK::ECrUIInputActionType,
              ValueElementType=SDK::FUIActionBindingHandle
          ]
  
C:\Users\markp\Documents\GitHub\StarRupture-ModLoader\StarRupture SDK\Client\UnrealContainers.hpp(214,1): warning C4324: 'UC::TPair<KeyElementType,ValueElementType>': structure was padded due to alignment specifier
C:\Users\markp\Documents\GitHub\StarRupture-ModLoader\StarRupture SDK\Client\UnrealContainers.hpp(214,1): warning C4324:         with
C:\Users\markp\Documents\GitHub\StarRupture-ModLoader\StarRupture SDK\Client\UnrealContainers.hpp(214,1): warning C4324:         [
C:\Users\markp\Documents\GitHub\StarRupture-ModLoader\StarRupture SDK\Client\UnrealContainers.hpp(214,1): warning C4324:             KeyElementType=SDK::EUIItemType,
C:\Users\markp\Documents\GitHub\StarRupture-ModLoader\StarRupture SDK\Client\UnrealContainers.hpp(214,1): warning C4324:             ValueElementType=SDK::FColor
C:\Users\markp\Documents\GitHub\StarRupture-ModLoader\StarRupture SDK\Client\UnrealContainers.hpp(214,1): warning C4324:         ]
  (compiling source file 'game/world_begin_play/world_begin_play.cpp')
      C:\Users\markp\Documents\GitHub\StarRupture-ModLoader\StarRupture SDK\Client\UnrealContainers.hpp(214,1):
      the template instantiation context (the oldest one first) is
          C:\Users\markp\Documents\GitHub\StarRupture-ModLoader\StarRupture SDK\Client\SDK\ChimeraUI_classes.hpp(12076,48):
          see reference to class template instantiation 'UC::TMap<SDK::EUIItemType,SDK::FColor>' being compiled
          C:\Users\markp\Documents\GitHub\StarRupture-ModLoader\StarRupture SDK\Client\UnrealContainers.hpp(726,21):
          see reference to class template instantiation 'UC::TSet<UC::TPair<KeyElementType,ValueElementType>>' being compiled
          with
          [
              KeyElementType=SDK::EUIItemType,
              ValueElementType=SDK::FColor
          ]
          C:\Users\markp\Documents\GitHub\StarRupture-ModLoader\StarRupture SDK\Client\UnrealContainers.hpp(666,49):
          see reference to class template instantiation 'UC::TPair<KeyElementType,ValueElementType>' being compiled
          with
          [
              KeyElementType=SDK::EUIItemType,
              ValueElementType=SDK::FColor
          ]
  
C:\Users\markp\Documents\GitHub\StarRupture-ModLoader\StarRupture SDK\Client\SDK\MassAIPrototypeEnemyRuntime_structs.hpp(139,2): warning C4309: 'initializing': truncation of constant value
  (compiling source file 'game/world_begin_play/world_begin_play.cpp')
  
C:\Users\markp\Documents\GitHub\StarRupture-ModLoader\StarRupture SDK\Client\SDK\MassAIPrototypeEnemyRuntime_structs.hpp(139,2): warning C4369: 'SDK::ECrEnemyLocomotionType':  enumerator value '256' cannot be represented as 'unsigned char', value is '256'
  (compiling source file 'game/world_begin_play/world_begin_play.cpp')
  
C:\Users\markp\Documents\GitHub\StarRupture-ModLoader\StarRupture SDK\Client\SDK\GeometryFramework_structs.hpp(25,2): warning C4309: 'initializing': truncation of constant value
  (compiling source file 'game/world_begin_play/world_begin_play.cpp')
  
C:\Users\markp\Documents\GitHub\StarRupture-ModLoader\StarRupture SDK\Client\SDK\GeometryFramework_structs.hpp(25,2): warning C4369: 'SDK::EDynamicMeshComponentTangentsMode':  enumerator value '256' cannot be represented as 'unsigned char', value is '256'
  (compiling source file 'game/world_begin_play/world_begin_play.cpp')
  
C:\Users\markp\Documents\GitHub\StarRupture-ModLoader\StarRupture SDK\Client\SDK\HeadMountedDisplay_structs.hpp(102,2): warning C4309: 'initializing': truncation of constant value
  (compiling source file 'game/world_begin_play/world_begin_play.cpp')
  
C:\Users\markp\Documents\GitHub\StarRupture-ModLoader\StarRupture SDK\Client\SDK\HeadMountedDisplay_structs.hpp(102,2): warning C4369: 'SDK::EXRTrackedDeviceType':  enumerator value '256' cannot be represented as 'unsigned char', value is '256'
  (compiling source file 'game/world_begin_play/world_begin_play.cpp')
  
C:\Users\markp\Documents\GitHub\StarRupture-ModLoader\StarRupture SDK\Client\SDK\InterchangeNodes_structs.hpp(340,2): warning C4309: 'initializing': truncation of constant value
  (compiling source file 'game/world_begin_play/world_begin_play.cpp')
  
C:\Users\markp\Documents\GitHub\StarRupture-ModLoader\StarRupture SDK\Client\SDK\InterchangeNodes_structs.hpp(340,2): warning C4369: 'SDK::EInterchangePropertyTracks':  enumerator value '-1' cannot be represented as 'unsigned int', value is '-1'
  (compiling source file 'game/world_begin_play/world_begin_play.cpp')
  
C:\Users\markp\Documents\GitHub\StarRupture-ModLoader\StarRupture SDK\Client\SDK\InterchangeNodes_structs.hpp(400,2): warning C4309: 'initializing': truncation of constant value
  (compiling source file 'game/world_begin_play/world_begin_play.cpp')
  
C:\Users\markp\Documents\GitHub\StarRupture-ModLoader\StarRupture SDK\Client\SDK\InterchangeNodes_structs.hpp(400,2): warning C4369: 'SDK::EInterchangeMeshCollision':  enumerator value '256' cannot be represented as 'unsigned char', value is '256'
  (compiling source file 'game/world_begin_play/world_begin_play.cpp')
  
C:\Users\markp\Documents\GitHub\StarRupture-ModLoader\StarRupture SDK\Client\SDK\Niagara_structs.hpp(888,2): warning C4309: 'initializing': truncation of constant value
  (compiling source file 'game/world_begin_play/world_begin_play.cpp')
  
C:\Users\markp\Documents\GitHub\StarRupture-ModLoader\StarRupture SDK\Client\SDK\Niagara_structs.hpp(888,2): warning C4369: 'SDK::ENDISkeletalMesh_SkinningMode':  enumerator value '256' cannot be represented as 'unsigned char', value is '256'
  (compiling source file 'game/world_begin_play/world_begin_play.cpp')
  
C:\Users\markp\Documents\GitHub\StarRupture-ModLoader\StarRupture SDK\Client\UnrealContainers.hpp(214,1): warning C4324: 'UC::TPair<KeyElementType,ValueElementType>': structure was padded due to alignment specifier
C:\Users\markp\Documents\GitHub\StarRupture-ModLoader\StarRupture SDK\Client\UnrealContainers.hpp(214,1): warning C4324:         with
C:\Users\markp\Documents\GitHub\StarRupture-ModLoader\StarRupture SDK\Client\UnrealContainers.hpp(214,1): warning C4324:         [
C:\Users\markp\Documents\GitHub\StarRupture-ModLoader\StarRupture SDK\Client\UnrealContainers.hpp(214,1): warning C4324:             KeyElementType=SDK::UPrimitiveComponent *,
C:\Users\markp\Documents\GitHub\StarRupture-ModLoader\StarRupture SDK\Client\UnrealContainers.hpp(214,1): warning C4324:             ValueElementType=SDK::FBreakEventCallbackWrapper
C:\Users\markp\Documents\GitHub\StarRupture-ModLoader\StarRupture SDK\Client\UnrealContainers.hpp(214,1): warning C4324:         ]
  (compiling source file 'game/world_begin_play/world_begin_play.cpp')
      C:\Users\markp\Documents\GitHub\StarRupture-ModLoader\StarRupture SDK\Client\UnrealContainers.hpp(214,1):
      the template instantiation context (the oldest one first) is
          C:\Users\markp\Documents\GitHub\StarRupture-ModLoader\StarRupture SDK\Client\SDK\ChaosSolverEngine_classes.hpp(98,70):
          see reference to class template instantiation 'UC::TMap<SDK::UPrimitiveComponent *,SDK::FBreakEventCallbackWrapper>' being compiled
          C:\Users\markp\Documents\GitHub\StarRupture-ModLoader\StarRupture SDK\Client\UnrealContainers.hpp(726,21):
          see reference to class template instantiation 'UC::TSet<UC::TPair<KeyElementType,ValueElementType>>' being compiled
          with
          [
              KeyElementType=SDK::UPrimitiveComponent *,
              ValueElementType=SDK::FBreakEventCallbackWrapper
          ]
          C:\Users\markp\Documents\GitHub\StarRupture-ModLoader\StarRupture SDK\Client\UnrealContainers.hpp(666,49):
          see reference to class template instantiation 'UC::TPair<KeyElementType,ValueElementType>' being compiled
          with
          [
              KeyElementType=SDK::UPrimitiveComponent *,
              ValueElementType=SDK::FBreakEventCallbackWrapper
          ]
  
C:\Users\markp\Documents\GitHub\StarRupture-ModLoader\StarRupture SDK\Client\UnrealContainers.hpp(214,1): warning C4324: 'UC::TPair<KeyElementType,ValueElementType>': structure was padded due to alignment specifier
C:\Users\markp\Documents\GitHub\StarRupture-ModLoader\StarRupture SDK\Client\UnrealContainers.hpp(214,1): warning C4324:         with
C:\Users\markp\Documents\GitHub\StarRupture-ModLoader\StarRupture SDK\Client\UnrealContainers.hpp(214,1): warning C4324:         [
C:\Users\markp\Documents\GitHub\StarRupture-ModLoader\StarRupture SDK\Client\UnrealContainers.hpp(214,1): warning C4324:             KeyElementType=SDK::UPrimitiveComponent *,
C:\Users\markp\Documents\GitHub\StarRupture-ModLoader\StarRupture SDK\Client\UnrealContainers.hpp(214,1): warning C4324:             ValueElementType=SDK::FRemovalEventCallbackWrapper
C:\Users\markp\Documents\GitHub\StarRupture-ModLoader\StarRupture SDK\Client\UnrealContainers.hpp(214,1): warning C4324:         ]
  (compiling source file 'game/world_begin_play/world_begin_play.cpp')
      C:\Users\markp\Documents\GitHub\StarRupture-ModLoader\StarRupture SDK\Client\UnrealContainers.hpp(214,1):
      the template instantiation context (the oldest one first) is
          C:\Users\markp\Documents\GitHub\StarRupture-ModLoader\StarRupture SDK\Client\SDK\ChaosSolverEngine_classes.hpp(99,72):
          see reference to class template instantiation 'UC::TMap<SDK::UPrimitiveComponent *,SDK::FRemovalEventCallbackWrapper>' being compiled
          C:\Users\markp\Documents\GitHub\StarRupture-ModLoader\StarRupture SDK\Client\UnrealContainers.hpp(726,21):
          see reference to class template instantiation 'UC::TSet<UC::TPair<KeyElementType,ValueElementType>>' being compiled
          with
          [
              KeyElementType=SDK::UPrimitiveComponent *,
              ValueElementType=SDK::FRemovalEventCallbackWrapper
          ]
          C:\Users\markp\Documents\GitHub\StarRupture-ModLoader\StarRupture SDK\Client\UnrealContainers.hpp(666,49):
          see reference to class template instantiation 'UC::TPair<KeyElementType,ValueElementType>' being compiled
          with
          [
              KeyElementType=SDK::UPrimitiveComponent *,
              ValueElementType=SDK::FRemovalEventCallbackWrapper
          ]
  
C:\Users\markp\Documents\GitHub\StarRupture-ModLoader\StarRupture SDK\Client\UnrealContainers.hpp(214,1): warning C4324: 'UC::TPair<KeyElementType,ValueElementType>': structure was padded due to alignment specifier
C:\Users\markp\Documents\GitHub\StarRupture-ModLoader\StarRupture SDK\Client\UnrealContainers.hpp(214,1): warning C4324:         with
C:\Users\markp\Documents\GitHub\StarRupture-ModLoader\StarRupture SDK\Client\UnrealContainers.hpp(214,1): warning C4324:         [
C:\Users\markp\Documents\GitHub\StarRupture-ModLoader\StarRupture SDK\Client\UnrealContainers.hpp(214,1): warning C4324:             KeyElementType=SDK::UPrimitiveComponent *,
C:\Users\markp\Documents\GitHub\StarRupture-ModLoader\StarRupture SDK\Client\UnrealContainers.hpp(214,1): warning C4324:             ValueElementType=SDK::FCrumblingEventCallbackWrapper
C:\Users\markp\Documents\GitHub\StarRupture-ModLoader\StarRupture SDK\Client\UnrealContainers.hpp(214,1): warning C4324:         ]
  (compiling source file 'game/world_begin_play/world_begin_play.cpp')
      C:\Users\markp\Documents\GitHub\StarRupture-ModLoader\StarRupture SDK\Client\UnrealContainers.hpp(214,1):
      the template instantiation context (the oldest one first) is
          C:\Users\markp\Documents\GitHub\StarRupture-ModLoader\StarRupture SDK\Client\SDK\ChaosSolverEngine_classes.hpp(100,74):
          see reference to class template instantiation 'UC::TMap<SDK::UPrimitiveComponent *,SDK::FCrumblingEventCallbackWrapper>' being compiled
          C:\Users\markp\Documents\GitHub\StarRupture-ModLoader\StarRupture SDK\Client\UnrealContainers.hpp(726,21):
          see reference to class template instantiation 'UC::TSet<UC::TPair<KeyElementType,ValueElementType>>' being compiled
          with
          [
              KeyElementType=SDK::UPrimitiveComponent *,
              ValueElementType=SDK::FCrumblingEventCallbackWrapper
          ]
          C:\Users\markp\Documents\GitHub\StarRupture-ModLoader\StarRupture SDK\Client\UnrealContainers.hpp(666,49):
          see reference to class template instantiation 'UC::TPair<KeyElementType,ValueElementType>' being compiled
          with
          [
              KeyElementType=SDK::UPrimitiveComponent *,
              ValueElementType=SDK::FCrumblingEventCallbackWrapper
          ]
  
C:\Users\markp\Documents\GitHub\StarRupture-ModLoader\StarRupture SDK\Client\SDK\ChaosClothAssetEngine_structs.hpp(32,2): warning C4309: 'initializing': truncation of constant value
  (compiling source file 'game/world_begin_play/world_begin_play.cpp')
  
C:\Users\markp\Documents\GitHub\StarRupture-ModLoader\StarRupture SDK\Client\SDK\ChaosClothAssetEngine_structs.hpp(32,2): warning C4369: 'SDK::EClothAssetAsyncProperties':  enumerator value '4294967296' cannot be represented as 'unsigned int', value is '4294967296'
  (compiling source file 'game/world_begin_play/world_begin_play.cpp')
  
C:\Users\markp\Documents\GitHub\StarRupture-ModLoader\StarRupture SDK\Client\SDK\HoudiniEngineRuntime_structs.hpp(90,2): warning C4309: 'initializing': truncation of constant value
  (compiling source file 'game/world_begin_play/world_begin_play.cpp')
  
C:\Users\markp\Documents\GitHub\StarRupture-ModLoader\StarRupture SDK\Client\SDK\HoudiniEngineRuntime_structs.hpp(90,2): warning C4369: 'SDK::EHoudiniRampInterpolationType':  enumerator value '-1' cannot be represented as 'unsigned char', value is '-1'
  (compiling source file 'game/world_begin_play/world_begin_play.cpp')
  
C:\Users\markp\Documents\GitHub\StarRupture-ModLoader\StarRupture SDK\Client\SDK\HoudiniEngineRuntime_structs.hpp(153,2): warning C4309: 'initializing': truncation of constant value
  (compiling source file 'game/world_begin_play/world_begin_play.cpp')
  
C:\Users\markp\Documents\GitHub\StarRupture-ModLoader\StarRupture SDK\Client\SDK\HoudiniEngineRuntime_structs.hpp(153,2): warning C4369: 'SDK::EHoudiniCurveType':  enumerator value '-1' cannot be represented as 'unsigned char', value is '-1'
  (compiling source file 'game/world_begin_play/world_begin_play.cpp')
  
C:\Users\markp\Documents\GitHub\StarRupture-ModLoader\StarRupture SDK\Client\SDK\HoudiniEngineRuntime_structs.hpp(165,2): warning C4309: 'initializing': truncation of constant value
  (compiling source file 'game/world_begin_play/world_begin_play.cpp')
  
C:\Users\markp\Documents\GitHub\StarRupture-ModLoader\StarRupture SDK\Client\SDK\HoudiniEngineRuntime_structs.hpp(165,2): warning C4369: 'SDK::EHoudiniCurveMethod':  enumerator value '-1' cannot be represented as 'unsigned char', value is '-1'
  (compiling source file 'game/world_begin_play/world_begin_play.cpp')
  
C:\Users\markp\Documents\GitHub\StarRupture-ModLoader\StarRupture SDK\Client\SDK\HoudiniEngineRuntime_structs.hpp(176,2): warning C4309: 'initializing': truncation of constant value
  (compiling source file 'game/world_begin_play/world_begin_play.cpp')
  
C:\Users\markp\Documents\GitHub\StarRupture-ModLoader\StarRupture SDK\Client\SDK\HoudiniEngineRuntime_structs.hpp(176,2): warning C4369: 'SDK::EHoudiniCurveBreakpointParameterization':  enumerator value '-1' cannot be represented as 'unsigned char', value is '-1'
  (compiling source file 'game/world_begin_play/world_begin_play.cpp')
  
C:\Users\markp\Documents\GitHub\StarRupture-ModLoader\StarRupture SDK\Client\SDK\HoudiniEngineRuntime_structs.hpp(219,2): warning C4309: 'initializing': truncation of constant value
  (compiling source file 'game/world_begin_play/world_begin_play.cpp')
  
C:\Users\markp\Documents\GitHub\StarRupture-ModLoader\StarRupture SDK\Client\SDK\HoudiniEngineRuntime_structs.hpp(219,2): warning C4369: 'SDK::EAttribStorageType':  enumerator value '-1' cannot be represented as 'unsigned char', value is '-1'
  (compiling source file 'game/world_begin_play/world_begin_play.cpp')
  
C:\Users\markp\Documents\GitHub\StarRupture-ModLoader\StarRupture SDK\Client\SDK\HoudiniEngineRuntime_structs.hpp(232,2): warning C4309: 'initializing': truncation of constant value
  (compiling source file 'game/world_begin_play/world_begin_play.cpp')
  
C:\Users\markp\Documents\GitHub\StarRupture-ModLoader\StarRupture SDK\Client\SDK\HoudiniEngineRuntime_structs.hpp(232,2): warning C4369: 'SDK::EAttribOwner':  enumerator value '-1' cannot be represented as 'unsigned char', value is '-1'
  (compiling source file 'game/world_begin_play/world_begin_play.cpp')
  
C:\Users\markp\Documents\GitHub\StarRupture-ModLoader\StarRupture SDK\Client\UnrealContainers.hpp(214,1): warning C4324: 'UC::TPair<KeyElementType,ValueElementType>': structure was padded due to alignment specifier
C:\Users\markp\Documents\GitHub\StarRupture-ModLoader\StarRupture SDK\Client\UnrealContainers.hpp(214,1): warning C4324:         with
C:\Users\markp\Documents\GitHub\StarRupture-ModLoader\StarRupture SDK\Client\UnrealContainers.hpp(214,1): warning C4324:         [
C:\Users\markp\Documents\GitHub\StarRupture-ModLoader\StarRupture SDK\Client\UnrealContainers.hpp(214,1): warning C4324:             KeyElementType=SDK::FName,
C:\Users\markp\Documents\GitHub\StarRupture-ModLoader\StarRupture SDK\Client\UnrealContainers.hpp(214,1): warning C4324:             ValueElementType=SDK::FQuat
C:\Users\markp\Documents\GitHub\StarRupture-ModLoader\StarRupture SDK\Client\UnrealContainers.hpp(214,1): warning C4324:         ]
  (compiling source file 'game/world_begin_play/world_begin_play.cpp')
      C:\Users\markp\Documents\GitHub\StarRupture-ModLoader\StarRupture SDK\Client\UnrealContainers.hpp(214,1):
      the template instantiation context (the oldest one first) is
          C:\Users\markp\Documents\GitHub\StarRupture-ModLoader\StarRupture SDK\Client\SDK\IKRig_structs.hpp(1009,48):
          see reference to class template instantiation 'UC::TMap<SDK::FName,SDK::FQuat>' being compiled
          C:\Users\markp\Documents\GitHub\StarRupture-ModLoader\StarRupture SDK\Client\UnrealContainers.hpp(726,21):
          see reference to class template instantiation 'UC::TSet<UC::TPair<KeyElementType,ValueElementType>>' being compiled
          with
          [
              KeyElementType=SDK::FName,
              ValueElementType=SDK::FQuat
          ]
          C:\Users\markp\Documents\GitHub\StarRupture-ModLoader\StarRupture SDK\Client\UnrealContainers.hpp(666,49):
          see reference to class template instantiation 'UC::TPair<KeyElementType,ValueElementType>' being compiled
          with
          [
              KeyElementType=SDK::FName,
              ValueElementType=SDK::FQuat
          ]
  
  hooks_common.cpp
C:\Users\markp\Documents\GitHub\StarRupture-ModLoader\Version_Mod_Loader\hooks_common.cpp(37,18): warning C4189: 'start': local variable is initialized but not referenced
  hooks_interface.cpp
  logger.cpp
  plugin_manager.cpp
  scanner.cpp
  scanner_interface.cpp
  Generating Code...
     Creating library C:\Users\markp\Documents\GitHub\StarRupture-ModLoader\build\Client Debug\version.lib and object C:\Users\markp\Documents\GitHub\StarRupture-ModLoader\build\Client Debug\version.exp
  Version_Mod_Loader.vcxproj -> C:\Users\markp\Documents\GitHub\StarRupture-ModLoader\build\Client Debug\version.dll
  Copying version.dll to game server directory...
  Deploying version.dll to F:\starrupture\server\StarRupture\Binaries\Win64\...
          1 file(s) copied.
  Deploy complete.
